{
  "0 debug pnpm:scope": {
    "selected": 1
  },
  "1 debug pnpm:package-manifest": {
    "initial": {
      "name": "my-svelte-app",
      "version": "0.0.1",
      "scripts": {
        "dev": "vite dev",
        "build": "vite build",
        "preview": "vite preview"
      },
      "devDependencies": {
        "@fontsource/fira-mono": "^4.5.10",
        "@neoconfetti/svelte": "^1.0.0",
        "@sveltejs/adapter-auto": "^1.0.0",
        "@sveltejs/kit": "^1.0.0",
        "svelte": "^3.54.0",
        "vite": "^4.0.0"
      },
      "type": "module"
    },
    "prefix": "/home/makhdoomimran/Documents/my-svelte-app"
  },
  "2 debug pnpm:context": {
    "currentLockfileExists": false,
    "storeDir": "/home/makhdoomimran/.pnpm-store/v3",
    "virtualStoreDir": "/home/makhdoomimran/Documents/my-svelte-app/node_modules/.pnpm"
  },
  "3 debug pnpm:stage": {
    "prefix": "/home/makhdoomimran/Documents/my-svelte-app",
    "stage": "resolution_started"
  },
  "4 debug pnpm:update-check": {
    "currentVersion": "6.11.0",
    "latestVersion": "7.22.0"
  },
  "5 debug pnpm:_dependency_resolved": {
    "resolution": "registry.npmjs.org/vite/4.0.4",
    "wanted": {
      "dependentId": ".",
      "name": "vite",
      "rawSpec": "^4.0.0"
    }
  },
  "6 debug pnpm:progress": {
    "packageId": "registry.npmjs.org/vite/4.0.4",
    "requester": "/home/makhdoomimran/Documents/my-svelte-app",
    "status": "resolved"
  },
  "7 debug pnpm:fetching-progress": {
    "attempt": 1,
    "packageId": "registry.npmjs.org/vite/4.0.4",
    "size": 731796,
    "status": "started"
  },
  "8 debug pnpm:progress": {
    "packageId": "registry.npmjs.org/vite/4.0.4",
    "requester": "/home/makhdoomimran/Documents/my-svelte-app",
    "status": "fetched"
  },
  "9 debug pnpm:_dependency_resolved": {
    "resolution": "registry.npmjs.org/svelte/3.55.0",
    "wanted": {
      "dependentId": ".",
      "name": "svelte",
      "rawSpec": "^3.54.0"
    }
  },
  "10 debug pnpm:progress": {
    "packageId": "registry.npmjs.org/svelte/3.55.0",
    "requester": "/home/makhdoomimran/Documents/my-svelte-app",
    "status": "resolved"
  },
  "11 debug pnpm:fetching-progress": {
    "attempt": 1,
    "packageId": "registry.npmjs.org/svelte/3.55.0",
    "size": 1776077,
    "status": "started"
  },
  "12 debug pnpm:_dependency_resolved": {
    "resolution": "registry.npmjs.org/@neoconfetti/svelte/1.0.0",
    "wanted": {
      "dependentId": ".",
      "name": "@neoconfetti/svelte",
      "rawSpec": "^1.0.0"
    }
  },
  "13 debug pnpm:progress": {
    "packageId": "registry.npmjs.org/@neoconfetti/svelte/1.0.0",
    "requester": "/home/makhdoomimran/Documents/my-svelte-app",
    "status": "resolved"
  },
  "14 debug pnpm:_dependency_resolved": {
    "resolution": "registry.npmjs.org/@fontsource/fira-mono/4.5.10",
    "wanted": {
      "dependentId": ".",
      "name": "@fontsource/fira-mono",
      "rawSpec": "^4.5.10"
    }
  },
  "15 debug pnpm:progress": {
    "packageId": "registry.npmjs.org/@fontsource/fira-mono/4.5.10",
    "requester": "/home/makhdoomimran/Documents/my-svelte-app",
    "status": "resolved"
  },
  "16 debug pnpm:_dependency_resolved": {
    "resolution": "registry.npmjs.org/@sveltejs/adapter-auto/1.0.0",
    "wanted": {
      "dependentId": ".",
      "name": "@sveltejs/adapter-auto",
      "rawSpec": "^1.0.0"
    }
  },
  "17 debug pnpm:progress": {
    "packageId": "registry.npmjs.org/@sveltejs/adapter-auto/1.0.0",
    "requester": "/home/makhdoomimran/Documents/my-svelte-app",
    "status": "resolved"
  },
  "18 debug pnpm:progress": {
    "packageId": "registry.npmjs.org/@sveltejs/adapter-auto/1.0.0",
    "requester": "/home/makhdoomimran/Documents/my-svelte-app",
    "status": "found_in_store"
  },
  "19 debug pnpm:fetching-progress": {
    "attempt": 1,
    "packageId": "registry.npmjs.org/@neoconfetti/svelte/1.0.0",
    "size": 7937,
    "status": "started"
  },
  "20 debug pnpm:progress": {
    "packageId": "registry.npmjs.org/svelte/3.55.0",
    "requester": "/home/makhdoomimran/Documents/my-svelte-app",
    "status": "fetched"
  },
  "21 debug pnpm:progress": {
    "packageId": "registry.npmjs.org/@neoconfetti/svelte/1.0.0",
    "requester": "/home/makhdoomimran/Documents/my-svelte-app",
    "status": "fetched"
  },
  "22 debug pnpm:fetching-progress": {
    "attempt": 1,
    "packageId": "registry.npmjs.org/@fontsource/fira-mono/4.5.10",
    "size": 958588,
    "status": "started"
  },
  "23 debug pnpm:progress": {
    "packageId": "registry.npmjs.org/@fontsource/fira-mono/4.5.10",
    "requester": "/home/makhdoomimran/Documents/my-svelte-app",
    "status": "fetched"
  },
  "24 debug pnpm:_dependency_resolved": {
    "resolution": "registry.npmjs.org/@sveltejs/kit/1.0.7",
    "wanted": {
      "dependentId": ".",
      "name": "@sveltejs/kit",
      "rawSpec": "^1.0.0"
    }
  },
  "25 warn pnpm:install-check": {
    "message": "Unsupported engine for registry.npmjs.org/@sveltejs/kit/1.0.7: wanted: {\"node\":\"^16.14 || >=18\"} (current: {\"node\":\"v16.13.2\",\"pnpm\":\"6.11.0\"})",
    "prefix": "/home/makhdoomimran/Documents/my-svelte-app"
  },
  "26 error pnpm": {
    "code": "ERR_PNPM_UNSUPPORTED_ENGINE",
    "packageId": "registry.npmjs.org/@sveltejs/kit/1.0.7",
    "wanted": {
      "node": "^16.14 || >=18"
    },
    "current": {
      "node": "v16.13.2",
      "pnpm": "6.11.0"
    },
    "err": {
      "name": "Error",
      "message": "Unsupported engine for registry.npmjs.org/@sveltejs/kit/1.0.7: wanted: {\"node\":\"^16.14 || >=18\"} (current: {\"node\":\"v16.13.2\",\"pnpm\":\"6.11.0\"})",
      "code": "ERR_PNPM_UNSUPPORTED_ENGINE",
      "stack": "Error: Unsupported engine for registry.npmjs.org/@sveltejs/kit/1.0.7: wanted: {\"node\":\"^16.14 || >=18\"} (current: {\"node\":\"v16.13.2\",\"pnpm\":\"6.11.0\"})\n    at Object.checkEngine [as default] (/home/makhdoomimran/.node/corepack/pnpm/6.11.0/dist/pnpm.cjs:35213:16)\n    at checkPackage (/home/makhdoomimran/.node/corepack/pnpm/6.11.0/dist/pnpm.cjs:35357:99)\n    at Object.packageIsInstallable [as default] (/home/makhdoomimran/.node/corepack/pnpm/6.11.0/dist/pnpm.cjs:35327:20)\n    at resolveDependency (/home/makhdoomimran/.node/corepack/pnpm/6.11.0/dist/pnpm.cjs:110715:81)\n    at runMicrotasks (<anonymous>)\n    at processTicksAndRejections (node:internal/process/task_queues:96:5)\n    at async resolveDependenciesOfDependency (/home/makhdoomimran/.node/corepack/pnpm/6.11.0/dist/pnpm.cjs:110452:39)\n    at async Promise.all (index 3)\n    at async Object.resolveDependencies [as default] (/home/makhdoomimran/.node/corepack/pnpm/6.11.0/dist/pnpm.cjs:110422:29)\n    at async /home/makhdoomimran/.node/corepack/pnpm/6.11.0/dist/pnpm.cjs:110937:47"
    }
  }
}